{"C:\\Users\\diego\\Downloads\\PROYECTO GEMA 2026\\Produccion Ibarra\\Produccion-ibarra\\src\\core\\oeeCalculator.ts": {"path":"C:\\Users\\diego\\Downloads\\PROYECTO GEMA 2026\\Produccion Ibarra\\Produccion-ibarra\\src\\core\\oeeCalculator.ts","statementMap":{"0":{"start":{"line":33,"column":17},"end":{"line":33,"column":94}},"1":{"start":{"line":33,"column":41},"end":{"line":33,"column":51}},"2":{"start":{"line":33,"column":68},"end":{"line":33,"column":93}},"3":{"start":{"line":36,"column":21},"end":{"line":36,"column":69}},"4":{"start":{"line":36,"column":38},"end":{"line":36,"column":68}},"5":{"start":{"line":37,"column":19},"end":{"line":37,"column":65}},"6":{"start":{"line":37,"column":36},"end":{"line":37,"column":64}},"7":{"start":{"line":40,"column":29},"end":{"line":40,"column":30}},"8":{"start":{"line":41,"column":2},"end":{"line":46,"column":3}},"9":{"start":{"line":42,"column":4},"end":{"line":42,"column":79}},"10":{"start":{"line":43,"column":9},"end":{"line":46,"column":3}},"11":{"start":{"line":45,"column":4},"end":{"line":45,"column":71}},"12":{"start":{"line":49,"column":65},"end":{"line":49,"column":67}},"13":{"start":{"line":50,"column":37},"end":{"line":50,"column":39}},"14":{"start":{"line":52,"column":2},"end":{"line":62,"column":3}},"15":{"start":{"line":53,"column":4},"end":{"line":61,"column":5}},"16":{"start":{"line":54,"column":6},"end":{"line":54,"column":32}},"17":{"start":{"line":55,"column":11},"end":{"line":61,"column":5}},"18":{"start":{"line":56,"column":23},"end":{"line":56,"column":84}},"19":{"start":{"line":56,"column":52},"end":{"line":56,"column":83}},"20":{"start":{"line":57,"column":6},"end":{"line":60,"column":7}},"21":{"start":{"line":58,"column":22},"end":{"line":58,"column":58}},"22":{"start":{"line":59,"column":8},"end":{"line":59,"column":50}},"23":{"start":{"line":64,"column":2},"end":{"line":66,"column":3}},"24":{"start":{"line":65,"column":4},"end":{"line":65,"column":34}},"25":{"start":{"line":68,"column":26},"end":{"line":68,"column":27}},"26":{"start":{"line":69,"column":26},"end":{"line":69,"column":27}},"27":{"start":{"line":71,"column":2},"end":{"line":86,"column":3}},"28":{"start":{"line":72,"column":23},"end":{"line":74,"column":58}},"29":{"start":{"line":75,"column":24},"end":{"line":75,"column":42}},"30":{"start":{"line":77,"column":19},"end":{"line":77,"column":92}},"31":{"start":{"line":78,"column":41},"end":{"line":78,"column":54}},"32":{"start":{"line":80,"column":4},"end":{"line":85,"column":5}},"33":{"start":{"line":81,"column":6},"end":{"line":81,"column":39}},"34":{"start":{"line":84,"column":6},"end":{"line":84,"column":39}},"35":{"start":{"line":88,"column":23},"end":{"line":88,"column":60}},"36":{"start":{"line":89,"column":28},"end":{"line":89,"column":76}},"37":{"start":{"line":92,"column":21},"end":{"line":94,"column":51}},"38":{"start":{"line":93,"column":17},"end":{"line":93,"column":45}},"39":{"start":{"line":94,"column":24},"end":{"line":94,"column":47}},"40":{"start":{"line":96,"column":24},"end":{"line":98,"column":51}},"41":{"start":{"line":97,"column":17},"end":{"line":97,"column":48}},"42":{"start":{"line":98,"column":24},"end":{"line":98,"column":47}},"43":{"start":{"line":100,"column":22},"end":{"line":100,"column":61}},"44":{"start":{"line":103,"column":25},"end":{"line":105,"column":7}},"45":{"start":{"line":107,"column":27},"end":{"line":109,"column":7}},"46":{"start":{"line":111,"column":18},"end":{"line":113,"column":7}},"47":{"start":{"line":115,"column":19},"end":{"line":115,"column":92}},"48":{"start":{"line":118,"column":23},"end":{"line":118,"column":63}},"49":{"start":{"line":120,"column":2},"end":{"line":135,"column":4}}},"fnMap":{"0":{"name":"computeOee","decl":{"start":{"line":28,"column":16},"end":{"line":28,"column":26}},"loc":{"start":{"line":31,"column":14},"end":{"line":136,"column":1}},"line":31},"1":{"name":"(anonymous_1)","decl":{"start":{"line":33,"column":36},"end":{"line":33,"column":37}},"loc":{"start":{"line":33,"column":41},"end":{"line":33,"column":51}},"line":33},"2":{"name":"(anonymous_2)","decl":{"start":{"line":33,"column":58},"end":{"line":33,"column":59}},"loc":{"start":{"line":33,"column":68},"end":{"line":33,"column":93}},"line":33},"3":{"name":"(anonymous_3)","decl":{"start":{"line":36,"column":33},"end":{"line":36,"column":34}},"loc":{"start":{"line":36,"column":38},"end":{"line":36,"column":68}},"line":36},"4":{"name":"(anonymous_4)","decl":{"start":{"line":37,"column":31},"end":{"line":37,"column":32}},"loc":{"start":{"line":37,"column":36},"end":{"line":37,"column":64}},"line":37},"5":{"name":"(anonymous_5)","decl":{"start":{"line":56,"column":47},"end":{"line":56,"column":48}},"loc":{"start":{"line":56,"column":52},"end":{"line":56,"column":83}},"line":56},"6":{"name":"(anonymous_6)","decl":{"start":{"line":93,"column":12},"end":{"line":93,"column":13}},"loc":{"start":{"line":93,"column":17},"end":{"line":93,"column":45}},"line":93},"7":{"name":"(anonymous_7)","decl":{"start":{"line":94,"column":12},"end":{"line":94,"column":13}},"loc":{"start":{"line":94,"column":24},"end":{"line":94,"column":47}},"line":94},"8":{"name":"(anonymous_8)","decl":{"start":{"line":97,"column":12},"end":{"line":97,"column":13}},"loc":{"start":{"line":97,"column":17},"end":{"line":97,"column":48}},"line":97},"9":{"name":"(anonymous_9)","decl":{"start":{"line":98,"column":12},"end":{"line":98,"column":13}},"loc":{"start":{"line":98,"column":24},"end":{"line":98,"column":47}},"line":98}},"branchMap":{"0":{"loc":{"start":{"line":41,"column":2},"end":{"line":46,"column":3}},"type":"if","locations":[{"start":{"line":41,"column":2},"end":{"line":46,"column":3}},{"start":{"line":43,"column":9},"end":{"line":46,"column":3}}],"line":41},"1":{"loc":{"start":{"line":41,"column":6},"end":{"line":41,"column":28}},"type":"binary-expr","locations":[{"start":{"line":41,"column":6},"end":{"line":41,"column":16}},{"start":{"line":41,"column":20},"end":{"line":41,"column":28}}],"line":41},"2":{"loc":{"start":{"line":43,"column":9},"end":{"line":46,"column":3}},"type":"if","locations":[{"start":{"line":43,"column":9},"end":{"line":46,"column":3}},{"start":{},"end":{}}],"line":43},"3":{"loc":{"start":{"line":53,"column":4},"end":{"line":61,"column":5}},"type":"if","locations":[{"start":{"line":53,"column":4},"end":{"line":61,"column":5}},{"start":{"line":55,"column":11},"end":{"line":61,"column":5}}],"line":53},"4":{"loc":{"start":{"line":55,"column":11},"end":{"line":61,"column":5}},"type":"if","locations":[{"start":{"line":55,"column":11},"end":{"line":61,"column":5}},{"start":{},"end":{}}],"line":55},"5":{"loc":{"start":{"line":55,"column":15},"end":{"line":55,"column":76}},"type":"binary-expr","locations":[{"start":{"line":55,"column":15},"end":{"line":55,"column":50}},{"start":{"line":55,"column":54},"end":{"line":55,"column":76}}],"line":55},"6":{"loc":{"start":{"line":57,"column":6},"end":{"line":60,"column":7}},"type":"if","locations":[{"start":{"line":57,"column":6},"end":{"line":60,"column":7}},{"start":{},"end":{}}],"line":57},"7":{"loc":{"start":{"line":72,"column":23},"end":{"line":74,"column":58}},"type":"cond-expr","locations":[{"start":{"line":73,"column":8},"end":{"line":73,"column":49}},{"start":{"line":74,"column":8},"end":{"line":74,"column":58}}],"line":72},"8":{"loc":{"start":{"line":74,"column":8},"end":{"line":74,"column":58}},"type":"cond-expr","locations":[{"start":{"line":74,"column":21},"end":{"line":74,"column":54}},{"start":{"line":74,"column":57},"end":{"line":74,"column":58}}],"line":74},"9":{"loc":{"start":{"line":77,"column":19},"end":{"line":77,"column":92}},"type":"cond-expr","locations":[{"start":{"line":77,"column":44},"end":{"line":77,"column":80}},{"start":{"line":77,"column":83},"end":{"line":77,"column":92}}],"line":77},"10":{"loc":{"start":{"line":80,"column":4},"end":{"line":85,"column":5}},"type":"if","locations":[{"start":{"line":80,"column":4},"end":{"line":85,"column":5}},{"start":{"line":82,"column":11},"end":{"line":85,"column":5}}],"line":80},"11":{"loc":{"start":{"line":94,"column":31},"end":{"line":94,"column":46}},"type":"binary-expr","locations":[{"start":{"line":94,"column":31},"end":{"line":94,"column":41}},{"start":{"line":94,"column":45},"end":{"line":94,"column":46}}],"line":94},"12":{"loc":{"start":{"line":98,"column":31},"end":{"line":98,"column":46}},"type":"binary-expr","locations":[{"start":{"line":98,"column":31},"end":{"line":98,"column":41}},{"start":{"line":98,"column":45},"end":{"line":98,"column":46}}],"line":98},"13":{"loc":{"start":{"line":103,"column":25},"end":{"line":105,"column":7}},"type":"cond-expr","locations":[{"start":{"line":104,"column":6},"end":{"line":104,"column":54}},{"start":{"line":105,"column":6},"end":{"line":105,"column":7}}],"line":103},"14":{"loc":{"start":{"line":107,"column":27},"end":{"line":109,"column":7}},"type":"cond-expr","locations":[{"start":{"line":108,"column":6},"end":{"line":108,"column":60}},{"start":{"line":109,"column":6},"end":{"line":109,"column":7}}],"line":107},"15":{"loc":{"start":{"line":107,"column":27},"end":{"line":107,"column":67}},"type":"binary-expr","locations":[{"start":{"line":107,"column":27},"end":{"line":107,"column":48}},{"start":{"line":107,"column":52},"end":{"line":107,"column":67}}],"line":107},"16":{"loc":{"start":{"line":111,"column":18},"end":{"line":113,"column":7}},"type":"cond-expr","locations":[{"start":{"line":112,"column":6},"end":{"line":112,"column":38}},{"start":{"line":113,"column":6},"end":{"line":113,"column":7}}],"line":111},"17":{"loc":{"start":{"line":118,"column":23},"end":{"line":118,"column":63}},"type":"binary-expr","locations":[{"start":{"line":118,"column":23},"end":{"line":118,"column":45}},{"start":{"line":118,"column":49},"end":{"line":118,"column":63}}],"line":118}},"s":{"0":28,"1":75,"2":54,"3":28,"4":22,"5":28,"6":74,"7":28,"8":28,"9":20,"10":8,"11":2,"12":28,"13":28,"14":28,"15":74,"16":6,"17":68,"18":5,"19":5,"20":5,"21":5,"22":5,"23":28,"24":1,"25":28,"26":28,"27":28,"28":6,"29":6,"30":6,"31":6,"32":6,"33":2,"34":4,"35":28,"36":28,"37":28,"38":74,"39":20,"40":28,"41":74,"42":1,"43":28,"44":28,"45":28,"46":28,"47":28,"48":28,"49":28},"f":{"0":28,"1":75,"2":54,"3":22,"4":74,"5":5,"6":74,"7":20,"8":74,"9":1},"b":{"0":[20,8],"1":[28,22],"2":[2,6],"3":[6,68],"4":[5,63],"5":[68,5],"6":[5,0],"7":[5,1],"8":[1,0],"9":[6,0],"10":[2,4],"11":[20,0],"12":[1,0],"13":[20,8],"14":[18,10],"15":[28,19],"16":[18,10],"17":[28,24]},"_coverageSchema":"1a1c01bbd47fc00a2c39e90264f33305004495a9","hash":"e716dcad381197aee3907f8f6e8d3ea6b37db022"}
,"C:\\Users\\diego\\Downloads\\PROYECTO GEMA 2026\\Produccion Ibarra\\Produccion-ibarra\\src\\core\\shiftReportGenerator.ts": {"path":"C:\\Users\\diego\\Downloads\\PROYECTO GEMA 2026\\Produccion Ibarra\\Produccion-ibarra\\src\\core\\shiftReportGenerator.ts","statementMap":{"0":{"start":{"line":24,"column":14},"end":{"line":24,"column":38}},"1":{"start":{"line":25,"column":18},"end":{"line":25,"column":47}},"2":{"start":{"line":27,"column":33},"end":{"line":32,"column":3}},"3":{"start":{"line":34,"column":2},"end":{"line":40,"column":4}}},"fnMap":{"0":{"name":"generateShiftReport","decl":{"start":{"line":23,"column":16},"end":{"line":23,"column":35}},"loc":{"start":{"line":23,"column":70},"end":{"line":41,"column":1}},"line":23}},"branchMap":{"0":{"loc":{"start":{"line":24,"column":14},"end":{"line":24,"column":38}},"type":"binary-expr","locations":[{"start":{"line":24,"column":14},"end":{"line":24,"column":23}},{"start":{"line":24,"column":27},"end":{"line":24,"column":38}}],"line":24}},"s":{"0":8,"1":8,"2":8,"3":8},"f":{"0":8},"b":{"0":[8,7]},"_coverageSchema":"1a1c01bbd47fc00a2c39e90264f33305004495a9","hash":"ae64256520757d73187962708a43ecfea9cde15a"}
,"C:\\Users\\diego\\Downloads\\PROYECTO GEMA 2026\\Produccion Ibarra\\Produccion-ibarra\\src\\core\\types.ts": {"path":"C:\\Users\\diego\\Downloads\\PROYECTO GEMA 2026\\Produccion Ibarra\\Produccion-ibarra\\src\\core\\types.ts","statementMap":{},"fnMap":{},"branchMap":{},"s":{},"f":{},"b":{}}
,"C:\\Users\\diego\\Downloads\\PROYECTO GEMA 2026\\Produccion Ibarra\\Produccion-ibarra\\src\\repositories\\useOeeEventsRepository.ts": {"path":"C:\\Users\\diego\\Downloads\\PROYECTO GEMA 2026\\Produccion Ibarra\\Produccion-ibarra\\src\\repositories\\useOeeEventsRepository.ts","statementMap":{"0":{"start":{"line":93,"column":13},"end":{"line":93,"column":26}},"1":{"start":{"line":94,"column":59},"end":{"line":94,"column":76}},"2":{"start":{"line":95,"column":15},"end":{"line":95,"column":50}},"3":{"start":{"line":95,"column":39},"end":{"line":95,"column":49}},"4":{"start":{"line":97,"column":53},"end":{"line":103,"column":3}},"5":{"start":{"line":99,"column":6},"end":{"line":101,"column":10}},"6":{"start":{"line":105,"column":22},"end":{"line":123,"column":3}},"7":{"start":{"line":107,"column":23},"end":{"line":107,"column":61}},"8":{"start":{"line":108,"column":32},"end":{"line":118,"column":7}},"9":{"start":{"line":119,"column":21},"end":{"line":119,"column":67}},"10":{"start":{"line":120,"column":6},"end":{"line":120,"column":45}},"11":{"start":{"line":125,"column":17},"end":{"line":137,"column":3}},"12":{"start":{"line":127,"column":18},"end":{"line":127,"column":68}},"13":{"start":{"line":128,"column":6},"end":{"line":128,"column":28}},"14":{"start":{"line":128,"column":16},"end":{"line":128,"column":28}},"15":{"start":{"line":130,"column":6},"end":{"line":133,"column":9}},"16":{"start":{"line":134,"column":6},"end":{"line":134,"column":42}},"17":{"start":{"line":139,"column":17},"end":{"line":150,"column":3}},"18":{"start":{"line":141,"column":18},"end":{"line":141,"column":68}},"19":{"start":{"line":142,"column":6},"end":{"line":142,"column":23}},"20":{"start":{"line":142,"column":16},"end":{"line":142,"column":23}},"21":{"start":{"line":144,"column":6},"end":{"line":147,"column":9}},"22":{"start":{"line":152,"column":19},"end":{"line":158,"column":3}},"23":{"start":{"line":154,"column":18},"end":{"line":154,"column":68}},"24":{"start":{"line":155,"column":6},"end":{"line":155,"column":49}},"25":{"start":{"line":160,"column":22},"end":{"line":173,"column":3}},"26":{"start":{"line":162,"column":19},"end":{"line":169,"column":15}},"27":{"start":{"line":170,"column":6},"end":{"line":170,"column":45}},"28":{"start":{"line":175,"column":29},"end":{"line":214,"column":3}},"29":{"start":{"line":178,"column":26},"end":{"line":187,"column":15}},"30":{"start":{"line":190,"column":24},"end":{"line":198,"column":15}},"31":{"start":{"line":200,"column":29},"end":{"line":202,"column":7}},"32":{"start":{"line":201,"column":38},"end":{"line":201,"column":90}},"33":{"start":{"line":205,"column":6},"end":{"line":209,"column":7}},"34":{"start":{"line":206,"column":8},"end":{"line":208,"column":9}},"35":{"start":{"line":207,"column":10},"end":{"line":207,"column":48}},"36":{"start":{"line":211,"column":6},"end":{"line":211,"column":18}},"37":{"start":{"line":216,"column":2},"end":{"line":219,"column":4}},"38":{"start":{"line":217,"column":11},"end":{"line":217,"column":92}}},"fnMap":{"0":{"name":"useOeeEventsRepository","decl":{"start":{"line":92,"column":16},"end":{"line":92,"column":38}},"loc":{"start":{"line":92,"column":62},"end":{"line":220,"column":1}},"line":92},"1":{"name":"(anonymous_1)","decl":{"start":{"line":95,"column":28},"end":{"line":95,"column":29}},"loc":{"start":{"line":95,"column":39},"end":{"line":95,"column":49}},"line":95},"2":{"name":"(anonymous_2)","decl":{"start":{"line":98,"column":4},"end":{"line":98,"column":5}},"loc":{"start":{"line":99,"column":6},"end":{"line":101,"column":10}},"line":99},"3":{"name":"(anonymous_3)","decl":{"start":{"line":106,"column":4},"end":{"line":106,"column":5}},"loc":{"start":{"line":106,"column":41},"end":{"line":121,"column":5}},"line":106},"4":{"name":"(anonymous_4)","decl":{"start":{"line":126,"column":4},"end":{"line":126,"column":5}},"loc":{"start":{"line":126,"column":65},"end":{"line":135,"column":5}},"line":126},"5":{"name":"(anonymous_5)","decl":{"start":{"line":140,"column":4},"end":{"line":140,"column":5}},"loc":{"start":{"line":140,"column":26},"end":{"line":148,"column":5}},"line":140},"6":{"name":"(anonymous_6)","decl":{"start":{"line":153,"column":4},"end":{"line":153,"column":5}},"loc":{"start":{"line":153,"column":26},"end":{"line":156,"column":5}},"line":153},"7":{"name":"(anonymous_7)","decl":{"start":{"line":161,"column":4},"end":{"line":161,"column":5}},"loc":{"start":{"line":161,"column":31},"end":{"line":171,"column":5}},"line":161},"8":{"name":"(anonymous_8)","decl":{"start":{"line":176,"column":4},"end":{"line":176,"column":5}},"loc":{"start":{"line":176,"column":33},"end":{"line":212,"column":5}},"line":176},"9":{"name":"(anonymous_9)","decl":{"start":{"line":201,"column":22},"end":{"line":201,"column":23}},"loc":{"start":{"line":201,"column":38},"end":{"line":201,"column":90}},"line":201},"10":{"name":"(anonymous_10)","decl":{"start":{"line":217,"column":4},"end":{"line":217,"column":5}},"loc":{"start":{"line":217,"column":11},"end":{"line":217,"column":92}},"line":217}},"branchMap":{"0":{"loc":{"start":{"line":107,"column":23},"end":{"line":107,"column":61}},"type":"binary-expr","locations":[{"start":{"line":107,"column":23},"end":{"line":107,"column":38}},{"start":{"line":107,"column":42},"end":{"line":107,"column":61}}],"line":107},"1":{"loc":{"start":{"line":114,"column":17},"end":{"line":114,"column":52}},"type":"binary-expr","locations":[{"start":{"line":114,"column":17},"end":{"line":114,"column":30}},{"start":{"line":114,"column":34},"end":{"line":114,"column":46}},{"start":{"line":114,"column":50},"end":{"line":114,"column":52}}],"line":114},"2":{"loc":{"start":{"line":115,"column":20},"end":{"line":115,"column":61}},"type":"binary-expr","locations":[{"start":{"line":115,"column":20},"end":{"line":115,"column":36}},{"start":{"line":115,"column":40},"end":{"line":115,"column":55}},{"start":{"line":115,"column":59},"end":{"line":115,"column":61}}],"line":115},"3":{"loc":{"start":{"line":116,"column":18},"end":{"line":116,"column":55}},"type":"binary-expr","locations":[{"start":{"line":116,"column":18},"end":{"line":116,"column":32}},{"start":{"line":116,"column":36},"end":{"line":116,"column":49}},{"start":{"line":116,"column":53},"end":{"line":116,"column":55}}],"line":116},"4":{"loc":{"start":{"line":117,"column":21},"end":{"line":117,"column":50}},"type":"binary-expr","locations":[{"start":{"line":117,"column":21},"end":{"line":117,"column":38}},{"start":{"line":117,"column":42},"end":{"line":117,"column":50}}],"line":117},"5":{"loc":{"start":{"line":128,"column":6},"end":{"line":128,"column":28}},"type":"if","locations":[{"start":{"line":128,"column":6},"end":{"line":128,"column":28}},{"start":{},"end":{}}],"line":128},"6":{"loc":{"start":{"line":142,"column":6},"end":{"line":142,"column":23}},"type":"if","locations":[{"start":{"line":142,"column":6},"end":{"line":142,"column":23}},{"start":{},"end":{}}],"line":142},"7":{"loc":{"start":{"line":206,"column":8},"end":{"line":208,"column":9}},"type":"if","locations":[{"start":{"line":206,"column":8},"end":{"line":208,"column":9}},{"start":{},"end":{}}],"line":206}},"s":{"0":5,"1":5,"2":5,"3":5,"4":5,"5":5,"6":5,"7":7,"8":7,"9":7,"10":7,"11":5,"12":0,"13":0,"14":0,"15":0,"16":0,"17":5,"18":1,"19":1,"20":0,"21":1,"22":5,"23":1,"24":1,"25":5,"26":1,"27":1,"28":5,"29":2,"30":2,"31":2,"32":1,"33":2,"34":2,"35":1,"36":1,"37":5,"38":5},"f":{"0":5,"1":5,"2":5,"3":7,"4":0,"5":1,"6":1,"7":1,"8":2,"9":1,"10":5},"b":{"0":[7,7],"1":[7,1,0],"2":[7,1,0],"3":[7,1,0],"4":[7,7],"5":[0,0],"6":[0,1],"7":[1,1]},"_coverageSchema":"1a1c01bbd47fc00a2c39e90264f33305004495a9","hash":"9b4345ecd6b6d4f7284ddbcb6bc574293e2d88bf"}
,"C:\\Users\\diego\\Downloads\\PROYECTO GEMA 2026\\Produccion Ibarra\\Produccion-ibarra\\src\\repositories\\useOperatorsRepository.ts": {"path":"C:\\Users\\diego\\Downloads\\PROYECTO GEMA 2026\\Produccion Ibarra\\Produccion-ibarra\\src\\repositories\\useOperatorsRepository.ts","statementMap":{"0":{"start":{"line":36,"column":13},"end":{"line":36,"column":26}},"1":{"start":{"line":38,"column":53},"end":{"line":44,"column":3}},"2":{"start":{"line":40,"column":6},"end":{"line":42,"column":10}},"3":{"start":{"line":46,"column":17},"end":{"line":57,"column":3}},"4":{"start":{"line":48,"column":32},"end":{"line":52,"column":7}},"5":{"start":{"line":53,"column":21},"end":{"line":53,"column":66}},"6":{"start":{"line":54,"column":6},"end":{"line":54,"column":45}},"7":{"start":{"line":59,"column":17},"end":{"line":67,"column":3}},"8":{"start":{"line":61,"column":18},"end":{"line":61,"column":67}},"9":{"start":{"line":62,"column":6},"end":{"line":62,"column":28}},"10":{"start":{"line":62,"column":16},"end":{"line":62,"column":28}},"11":{"start":{"line":63,"column":6},"end":{"line":63,"column":57}},"12":{"start":{"line":64,"column":6},"end":{"line":64,"column":42}},"13":{"start":{"line":69,"column":19},"end":{"line":75,"column":3}},"14":{"start":{"line":71,"column":18},"end":{"line":71,"column":67}},"15":{"start":{"line":72,"column":6},"end":{"line":72,"column":49}},"16":{"start":{"line":77,"column":21},"end":{"line":85,"column":3}},"17":{"start":{"line":79,"column":19},"end":{"line":81,"column":15}},"18":{"start":{"line":82,"column":6},"end":{"line":82,"column":45}},"19":{"start":{"line":87,"column":21},"end":{"line":95,"column":3}},"20":{"start":{"line":89,"column":19},"end":{"line":91,"column":15}},"21":{"start":{"line":92,"column":6},"end":{"line":92,"column":45}},"22":{"start":{"line":97,"column":2},"end":{"line":100,"column":4}},"23":{"start":{"line":98,"column":11},"end":{"line":98,"column":70}}},"fnMap":{"0":{"name":"useOperatorsRepository","decl":{"start":{"line":35,"column":16},"end":{"line":35,"column":38}},"loc":{"start":{"line":35,"column":62},"end":{"line":101,"column":1}},"line":35},"1":{"name":"(anonymous_1)","decl":{"start":{"line":39,"column":4},"end":{"line":39,"column":5}},"loc":{"start":{"line":40,"column":6},"end":{"line":42,"column":10}},"line":40},"2":{"name":"(anonymous_2)","decl":{"start":{"line":47,"column":4},"end":{"line":47,"column":5}},"loc":{"start":{"line":47,"column":46},"end":{"line":55,"column":5}},"line":47},"3":{"name":"(anonymous_3)","decl":{"start":{"line":60,"column":4},"end":{"line":60,"column":5}},"loc":{"start":{"line":60,"column":65},"end":{"line":65,"column":5}},"line":60},"4":{"name":"(anonymous_4)","decl":{"start":{"line":70,"column":4},"end":{"line":70,"column":5}},"loc":{"start":{"line":70,"column":26},"end":{"line":73,"column":5}},"line":70},"5":{"name":"(anonymous_5)","decl":{"start":{"line":78,"column":4},"end":{"line":78,"column":5}},"loc":{"start":{"line":78,"column":16},"end":{"line":83,"column":5}},"line":78},"6":{"name":"(anonymous_6)","decl":{"start":{"line":88,"column":4},"end":{"line":88,"column":5}},"loc":{"start":{"line":88,"column":39},"end":{"line":93,"column":5}},"line":88},"7":{"name":"(anonymous_7)","decl":{"start":{"line":98,"column":4},"end":{"line":98,"column":5}},"loc":{"start":{"line":98,"column":11},"end":{"line":98,"column":70}},"line":98}},"branchMap":{"0":{"loc":{"start":{"line":62,"column":6},"end":{"line":62,"column":28}},"type":"if","locations":[{"start":{"line":62,"column":6},"end":{"line":62,"column":28}},{"start":{},"end":{}}],"line":62}},"s":{"0":0,"1":0,"2":0,"3":0,"4":0,"5":0,"6":0,"7":0,"8":0,"9":0,"10":0,"11":0,"12":0,"13":0,"14":0,"15":0,"16":0,"17":0,"18":0,"19":0,"20":0,"21":0,"22":0,"23":0},"f":{"0":0,"1":0,"2":0,"3":0,"4":0,"5":0,"6":0,"7":0},"b":{"0":[0,0]}}
,"C:\\Users\\diego\\Downloads\\PROYECTO GEMA 2026\\Produccion Ibarra\\Produccion-ibarra\\src\\repositories\\useQualityDefectsRepository.ts": {"path":"C:\\Users\\diego\\Downloads\\PROYECTO GEMA 2026\\Produccion Ibarra\\Produccion-ibarra\\src\\repositories\\useQualityDefectsRepository.ts","statementMap":{"0":{"start":{"line":33,"column":13},"end":{"line":33,"column":26}},"1":{"start":{"line":35,"column":58},"end":{"line":41,"column":3}},"2":{"start":{"line":37,"column":6},"end":{"line":39,"column":10}},"3":{"start":{"line":43,"column":17},"end":{"line":54,"column":3}},"4":{"start":{"line":45,"column":37},"end":{"line":49,"column":7}},"5":{"start":{"line":50,"column":21},"end":{"line":50,"column":72}},"6":{"start":{"line":51,"column":6},"end":{"line":51,"column":50}},"7":{"start":{"line":56,"column":17},"end":{"line":64,"column":3}},"8":{"start":{"line":58,"column":18},"end":{"line":58,"column":73}},"9":{"start":{"line":59,"column":6},"end":{"line":59,"column":28}},"10":{"start":{"line":59,"column":16},"end":{"line":59,"column":28}},"11":{"start":{"line":60,"column":6},"end":{"line":60,"column":57}},"12":{"start":{"line":61,"column":6},"end":{"line":61,"column":47}},"13":{"start":{"line":66,"column":19},"end":{"line":72,"column":3}},"14":{"start":{"line":68,"column":18},"end":{"line":68,"column":73}},"15":{"start":{"line":69,"column":6},"end":{"line":69,"column":54}},"16":{"start":{"line":74,"column":21},"end":{"line":82,"column":3}},"17":{"start":{"line":76,"column":19},"end":{"line":78,"column":15}},"18":{"start":{"line":79,"column":6},"end":{"line":79,"column":50}},"19":{"start":{"line":84,"column":25},"end":{"line":92,"column":3}},"20":{"start":{"line":86,"column":19},"end":{"line":88,"column":15}},"21":{"start":{"line":89,"column":6},"end":{"line":89,"column":50}},"22":{"start":{"line":94,"column":2},"end":{"line":97,"column":4}},"23":{"start":{"line":95,"column":11},"end":{"line":95,"column":74}}},"fnMap":{"0":{"name":"useQualityDefectsRepository","decl":{"start":{"line":32,"column":16},"end":{"line":32,"column":43}},"loc":{"start":{"line":32,"column":72},"end":{"line":98,"column":1}},"line":32},"1":{"name":"(anonymous_1)","decl":{"start":{"line":36,"column":4},"end":{"line":36,"column":5}},"loc":{"start":{"line":37,"column":6},"end":{"line":39,"column":10}},"line":37},"2":{"name":"(anonymous_2)","decl":{"start":{"line":44,"column":4},"end":{"line":44,"column":5}},"loc":{"start":{"line":44,"column":51},"end":{"line":52,"column":5}},"line":44},"3":{"name":"(anonymous_3)","decl":{"start":{"line":57,"column":4},"end":{"line":57,"column":5}},"loc":{"start":{"line":57,"column":70},"end":{"line":62,"column":5}},"line":57},"4":{"name":"(anonymous_4)","decl":{"start":{"line":67,"column":4},"end":{"line":67,"column":5}},"loc":{"start":{"line":67,"column":26},"end":{"line":70,"column":5}},"line":67},"5":{"name":"(anonymous_5)","decl":{"start":{"line":75,"column":4},"end":{"line":75,"column":5}},"loc":{"start":{"line":75,"column":16},"end":{"line":80,"column":5}},"line":75},"6":{"name":"(anonymous_6)","decl":{"start":{"line":85,"column":4},"end":{"line":85,"column":5}},"loc":{"start":{"line":85,"column":52},"end":{"line":90,"column":5}},"line":85},"7":{"name":"(anonymous_7)","decl":{"start":{"line":95,"column":4},"end":{"line":95,"column":5}},"loc":{"start":{"line":95,"column":11},"end":{"line":95,"column":74}},"line":95}},"branchMap":{"0":{"loc":{"start":{"line":59,"column":6},"end":{"line":59,"column":28}},"type":"if","locations":[{"start":{"line":59,"column":6},"end":{"line":59,"column":28}},{"start":{},"end":{}}],"line":59}},"s":{"0":0,"1":0,"2":0,"3":0,"4":0,"5":0,"6":0,"7":0,"8":0,"9":0,"10":0,"11":0,"12":0,"13":0,"14":0,"15":0,"16":0,"17":0,"18":0,"19":0,"20":0,"21":0,"22":0,"23":0},"f":{"0":0,"1":0,"2":0,"3":0,"4":0,"5":0,"6":0,"7":0},"b":{"0":[0,0]}}
,"C:\\Users\\diego\\Downloads\\PROYECTO GEMA 2026\\Produccion Ibarra\\Produccion-ibarra\\src\\repositories\\useQualityInspectionsRepository.ts": {"path":"C:\\Users\\diego\\Downloads\\PROYECTO GEMA 2026\\Produccion Ibarra\\Produccion-ibarra\\src\\repositories\\useQualityInspectionsRepository.ts","statementMap":{"0":{"start":{"line":39,"column":13},"end":{"line":39,"column":26}},"1":{"start":{"line":41,"column":62},"end":{"line":47,"column":3}},"2":{"start":{"line":43,"column":6},"end":{"line":45,"column":10}},"3":{"start":{"line":49,"column":17},"end":{"line":63,"column":3}},"4":{"start":{"line":51,"column":23},"end":{"line":51,"column":63}},"5":{"start":{"line":52,"column":41},"end":{"line":58,"column":7}},"6":{"start":{"line":59,"column":21},"end":{"line":59,"column":76}},"7":{"start":{"line":60,"column":6},"end":{"line":60,"column":54}},"8":{"start":{"line":65,"column":17},"end":{"line":73,"column":3}},"9":{"start":{"line":67,"column":18},"end":{"line":67,"column":77}},"10":{"start":{"line":68,"column":6},"end":{"line":68,"column":28}},"11":{"start":{"line":68,"column":16},"end":{"line":68,"column":28}},"12":{"start":{"line":69,"column":6},"end":{"line":69,"column":57}},"13":{"start":{"line":70,"column":6},"end":{"line":70,"column":51}},"14":{"start":{"line":75,"column":17},"end":{"line":82,"column":3}},"15":{"start":{"line":77,"column":18},"end":{"line":77,"column":77}},"16":{"start":{"line":78,"column":6},"end":{"line":78,"column":23}},"17":{"start":{"line":78,"column":16},"end":{"line":78,"column":23}},"18":{"start":{"line":79,"column":6},"end":{"line":79,"column":65}},"19":{"start":{"line":84,"column":19},"end":{"line":90,"column":3}},"20":{"start":{"line":86,"column":18},"end":{"line":86,"column":77}},"21":{"start":{"line":87,"column":6},"end":{"line":87,"column":58}},"22":{"start":{"line":92,"column":22},"end":{"line":100,"column":3}},"23":{"start":{"line":94,"column":19},"end":{"line":96,"column":15}},"24":{"start":{"line":97,"column":6},"end":{"line":97,"column":54}},"25":{"start":{"line":102,"column":24},"end":{"line":110,"column":3}},"26":{"start":{"line":104,"column":19},"end":{"line":106,"column":15}},"27":{"start":{"line":107,"column":6},"end":{"line":107,"column":54}},"28":{"start":{"line":112,"column":2},"end":{"line":115,"column":4}},"29":{"start":{"line":113,"column":11},"end":{"line":113,"column":82}}},"fnMap":{"0":{"name":"useQualityInspectionsRepository","decl":{"start":{"line":38,"column":16},"end":{"line":38,"column":47}},"loc":{"start":{"line":38,"column":80},"end":{"line":116,"column":1}},"line":38},"1":{"name":"(anonymous_1)","decl":{"start":{"line":42,"column":4},"end":{"line":42,"column":5}},"loc":{"start":{"line":43,"column":6},"end":{"line":45,"column":10}},"line":43},"2":{"name":"(anonymous_2)","decl":{"start":{"line":50,"column":4},"end":{"line":50,"column":5}},"loc":{"start":{"line":50,"column":55},"end":{"line":61,"column":5}},"line":50},"3":{"name":"(anonymous_3)","decl":{"start":{"line":66,"column":4},"end":{"line":66,"column":5}},"loc":{"start":{"line":66,"column":74},"end":{"line":71,"column":5}},"line":66},"4":{"name":"(anonymous_4)","decl":{"start":{"line":76,"column":4},"end":{"line":76,"column":5}},"loc":{"start":{"line":76,"column":26},"end":{"line":80,"column":5}},"line":76},"5":{"name":"(anonymous_5)","decl":{"start":{"line":85,"column":4},"end":{"line":85,"column":5}},"loc":{"start":{"line":85,"column":26},"end":{"line":88,"column":5}},"line":85},"6":{"name":"(anonymous_6)","decl":{"start":{"line":93,"column":4},"end":{"line":93,"column":5}},"loc":{"start":{"line":93,"column":31},"end":{"line":98,"column":5}},"line":93},"7":{"name":"(anonymous_7)","decl":{"start":{"line":103,"column":4},"end":{"line":103,"column":5}},"loc":{"start":{"line":103,"column":33},"end":{"line":108,"column":5}},"line":103},"8":{"name":"(anonymous_8)","decl":{"start":{"line":113,"column":4},"end":{"line":113,"column":5}},"loc":{"start":{"line":113,"column":11},"end":{"line":113,"column":82}},"line":113}},"branchMap":{"0":{"loc":{"start":{"line":51,"column":23},"end":{"line":51,"column":63}},"type":"binary-expr","locations":[{"start":{"line":51,"column":23},"end":{"line":51,"column":40}},{"start":{"line":51,"column":44},"end":{"line":51,"column":63}}],"line":51},"1":{"loc":{"start":{"line":68,"column":6},"end":{"line":68,"column":28}},"type":"if","locations":[{"start":{"line":68,"column":6},"end":{"line":68,"column":28}},{"start":{},"end":{}}],"line":68},"2":{"loc":{"start":{"line":78,"column":6},"end":{"line":78,"column":23}},"type":"if","locations":[{"start":{"line":78,"column":6},"end":{"line":78,"column":23}},{"start":{},"end":{}}],"line":78}},"s":{"0":0,"1":0,"2":0,"3":0,"4":0,"5":0,"6":0,"7":0,"8":0,"9":0,"10":0,"11":0,"12":0,"13":0,"14":0,"15":0,"16":0,"17":0,"18":0,"19":0,"20":0,"21":0,"22":0,"23":0,"24":0,"25":0,"26":0,"27":0,"28":0,"29":0},"f":{"0":0,"1":0,"2":0,"3":0,"4":0,"5":0,"6":0,"7":0,"8":0},"b":{"0":[0,0],"1":[0,0],"2":[0,0]}}
,"C:\\Users\\diego\\Downloads\\PROYECTO GEMA 2026\\Produccion Ibarra\\Produccion-ibarra\\src\\repositories\\useReportsRepository.ts": {"path":"C:\\Users\\diego\\Downloads\\PROYECTO GEMA 2026\\Produccion Ibarra\\Produccion-ibarra\\src\\repositories\\useReportsRepository.ts","statementMap":{"0":{"start":{"line":93,"column":2},"end":{"line":93,"column":52}},"1":{"start":{"line":93,"column":36},"end":{"line":93,"column":52}},"2":{"start":{"line":94,"column":2},"end":{"line":94,"column":54}},"3":{"start":{"line":94,"column":38},"end":{"line":94,"column":54}},"4":{"start":{"line":95,"column":2},"end":{"line":95,"column":43}},"5":{"start":{"line":95,"column":26},"end":{"line":95,"column":43}},"6":{"start":{"line":96,"column":2},"end":{"line":96,"column":62}},"7":{"start":{"line":96,"column":45},"end":{"line":96,"column":62}},"8":{"start":{"line":97,"column":2},"end":{"line":97,"column":18}},"9":{"start":{"line":101,"column":13},"end":{"line":101,"column":26}},"10":{"start":{"line":103,"column":51},"end":{"line":109,"column":3}},"11":{"start":{"line":105,"column":6},"end":{"line":107,"column":10}},"12":{"start":{"line":111,"column":23},"end":{"line":124,"column":3}},"13":{"start":{"line":113,"column":30},"end":{"line":119,"column":7}},"14":{"start":{"line":120,"column":21},"end":{"line":120,"column":64}},"15":{"start":{"line":121,"column":6},"end":{"line":121,"column":43}},"16":{"start":{"line":126,"column":17},"end":{"line":138,"column":3}},"17":{"start":{"line":128,"column":18},"end":{"line":128,"column":65}},"18":{"start":{"line":129,"column":6},"end":{"line":129,"column":28}},"19":{"start":{"line":129,"column":16},"end":{"line":129,"column":28}},"20":{"start":{"line":131,"column":6},"end":{"line":134,"column":9}},"21":{"start":{"line":135,"column":6},"end":{"line":135,"column":40}},"22":{"start":{"line":140,"column":17},"end":{"line":151,"column":3}},"23":{"start":{"line":142,"column":18},"end":{"line":142,"column":65}},"24":{"start":{"line":143,"column":6},"end":{"line":143,"column":23}},"25":{"start":{"line":143,"column":16},"end":{"line":143,"column":23}},"26":{"start":{"line":145,"column":6},"end":{"line":148,"column":9}},"27":{"start":{"line":153,"column":19},"end":{"line":159,"column":3}},"28":{"start":{"line":155,"column":18},"end":{"line":155,"column":65}},"29":{"start":{"line":156,"column":6},"end":{"line":156,"column":47}},"30":{"start":{"line":161,"column":18},"end":{"line":166,"column":10}},"31":{"start":{"line":162,"column":17},"end":{"line":164,"column":13}},"32":{"start":{"line":165,"column":4},"end":{"line":165,"column":41}},"33":{"start":{"line":168,"column":2},"end":{"line":171,"column":4}},"34":{"start":{"line":169,"column":11},"end":{"line":169,"column":69}}},"fnMap":{"0":{"name":"getReportSyncStatus","decl":{"start":{"line":88,"column":16},"end":{"line":88,"column":35}},"loc":{"start":{"line":92,"column":35},"end":{"line":98,"column":1}},"line":92},"1":{"name":"useReportsRepository","decl":{"start":{"line":100,"column":16},"end":{"line":100,"column":36}},"loc":{"start":{"line":100,"column":58},"end":{"line":172,"column":1}},"line":100},"2":{"name":"(anonymous_2)","decl":{"start":{"line":104,"column":4},"end":{"line":104,"column":5}},"loc":{"start":{"line":105,"column":6},"end":{"line":107,"column":10}},"line":105},"3":{"name":"(anonymous_3)","decl":{"start":{"line":112,"column":4},"end":{"line":112,"column":5}},"loc":{"start":{"line":112,"column":58},"end":{"line":122,"column":5}},"line":112},"4":{"name":"(anonymous_4)","decl":{"start":{"line":127,"column":4},"end":{"line":127,"column":5}},"loc":{"start":{"line":127,"column":63},"end":{"line":136,"column":5}},"line":127},"5":{"name":"(anonymous_5)","decl":{"start":{"line":141,"column":4},"end":{"line":141,"column":5}},"loc":{"start":{"line":141,"column":26},"end":{"line":149,"column":5}},"line":141},"6":{"name":"(anonymous_6)","decl":{"start":{"line":154,"column":4},"end":{"line":154,"column":5}},"loc":{"start":{"line":154,"column":26},"end":{"line":157,"column":5}},"line":154},"7":{"name":"(anonymous_7)","decl":{"start":{"line":161,"column":30},"end":{"line":161,"column":31}},"loc":{"start":{"line":161,"column":42},"end":{"line":166,"column":3}},"line":161},"8":{"name":"(anonymous_8)","decl":{"start":{"line":169,"column":4},"end":{"line":169,"column":5}},"loc":{"start":{"line":169,"column":11},"end":{"line":169,"column":69}},"line":169}},"branchMap":{"0":{"loc":{"start":{"line":93,"column":2},"end":{"line":93,"column":52}},"type":"if","locations":[{"start":{"line":93,"column":2},"end":{"line":93,"column":52}},{"start":{},"end":{}}],"line":93},"1":{"loc":{"start":{"line":94,"column":2},"end":{"line":94,"column":54}},"type":"if","locations":[{"start":{"line":94,"column":2},"end":{"line":94,"column":54}},{"start":{},"end":{}}],"line":94},"2":{"loc":{"start":{"line":95,"column":2},"end":{"line":95,"column":43}},"type":"if","locations":[{"start":{"line":95,"column":2},"end":{"line":95,"column":43}},{"start":{},"end":{}}],"line":95},"3":{"loc":{"start":{"line":96,"column":2},"end":{"line":96,"column":62}},"type":"if","locations":[{"start":{"line":96,"column":2},"end":{"line":96,"column":62}},{"start":{},"end":{}}],"line":96},"4":{"loc":{"start":{"line":112,"column":29},"end":{"line":112,"column":53}},"type":"default-arg","locations":[{"start":{"line":112,"column":42},"end":{"line":112,"column":53}}],"line":112},"5":{"loc":{"start":{"line":129,"column":6},"end":{"line":129,"column":28}},"type":"if","locations":[{"start":{"line":129,"column":6},"end":{"line":129,"column":28}},{"start":{},"end":{}}],"line":129},"6":{"loc":{"start":{"line":143,"column":6},"end":{"line":143,"column":23}},"type":"if","locations":[{"start":{"line":143,"column":6},"end":{"line":143,"column":23}},{"start":{},"end":{}}],"line":143}},"s":{"0":0,"1":0,"2":0,"3":0,"4":0,"5":0,"6":0,"7":0,"8":0,"9":0,"10":0,"11":0,"12":0,"13":0,"14":0,"15":0,"16":0,"17":0,"18":0,"19":0,"20":0,"21":0,"22":0,"23":0,"24":0,"25":0,"26":0,"27":0,"28":0,"29":0,"30":0,"31":0,"32":0,"33":0,"34":0},"f":{"0":0,"1":0,"2":0,"3":0,"4":0,"5":0,"6":0,"7":0,"8":0},"b":{"0":[0,0],"1":[0,0],"2":[0,0],"3":[0,0],"4":[0],"5":[0,0],"6":[0,0]}}
,"C:\\Users\\diego\\Downloads\\PROYECTO GEMA 2026\\Produccion Ibarra\\Produccion-ibarra\\src\\repositories\\useShiftSessionsRepository.ts": {"path":"C:\\Users\\diego\\Downloads\\PROYECTO GEMA 2026\\Produccion Ibarra\\Produccion-ibarra\\src\\repositories\\useShiftSessionsRepository.ts","statementMap":{"0":{"start":{"line":39,"column":13},"end":{"line":39,"column":26}},"1":{"start":{"line":41,"column":57},"end":{"line":47,"column":3}},"2":{"start":{"line":43,"column":6},"end":{"line":45,"column":10}},"3":{"start":{"line":49,"column":17},"end":{"line":63,"column":3}},"4":{"start":{"line":51,"column":23},"end":{"line":51,"column":63}},"5":{"start":{"line":52,"column":36},"end":{"line":58,"column":7}},"6":{"start":{"line":59,"column":21},"end":{"line":59,"column":71}},"7":{"start":{"line":60,"column":6},"end":{"line":60,"column":49}},"8":{"start":{"line":65,"column":17},"end":{"line":73,"column":3}},"9":{"start":{"line":67,"column":18},"end":{"line":67,"column":72}},"10":{"start":{"line":68,"column":6},"end":{"line":68,"column":28}},"11":{"start":{"line":68,"column":16},"end":{"line":68,"column":28}},"12":{"start":{"line":69,"column":6},"end":{"line":69,"column":57}},"13":{"start":{"line":70,"column":6},"end":{"line":70,"column":46}},"14":{"start":{"line":75,"column":17},"end":{"line":82,"column":3}},"15":{"start":{"line":77,"column":18},"end":{"line":77,"column":72}},"16":{"start":{"line":78,"column":6},"end":{"line":78,"column":23}},"17":{"start":{"line":78,"column":16},"end":{"line":78,"column":23}},"18":{"start":{"line":79,"column":6},"end":{"line":79,"column":65}},"19":{"start":{"line":84,"column":19},"end":{"line":90,"column":3}},"20":{"start":{"line":86,"column":18},"end":{"line":86,"column":72}},"21":{"start":{"line":87,"column":6},"end":{"line":87,"column":53}},"22":{"start":{"line":92,"column":30},"end":{"line":107,"column":3}},"23":{"start":{"line":94,"column":19},"end":{"line":103,"column":15}},"24":{"start":{"line":104,"column":6},"end":{"line":104,"column":84}},"25":{"start":{"line":109,"column":23},"end":{"line":117,"column":3}},"26":{"start":{"line":111,"column":19},"end":{"line":113,"column":15}},"27":{"start":{"line":114,"column":6},"end":{"line":114,"column":49}},"28":{"start":{"line":119,"column":2},"end":{"line":122,"column":4}},"29":{"start":{"line":120,"column":11},"end":{"line":120,"column":89}}},"fnMap":{"0":{"name":"useShiftSessionsRepository","decl":{"start":{"line":38,"column":16},"end":{"line":38,"column":42}},"loc":{"start":{"line":38,"column":70},"end":{"line":123,"column":1}},"line":38},"1":{"name":"(anonymous_1)","decl":{"start":{"line":42,"column":4},"end":{"line":42,"column":5}},"loc":{"start":{"line":43,"column":6},"end":{"line":45,"column":10}},"line":43},"2":{"name":"(anonymous_2)","decl":{"start":{"line":50,"column":4},"end":{"line":50,"column":5}},"loc":{"start":{"line":50,"column":50},"end":{"line":61,"column":5}},"line":50},"3":{"name":"(anonymous_3)","decl":{"start":{"line":66,"column":4},"end":{"line":66,"column":5}},"loc":{"start":{"line":66,"column":69},"end":{"line":71,"column":5}},"line":66},"4":{"name":"(anonymous_4)","decl":{"start":{"line":76,"column":4},"end":{"line":76,"column":5}},"loc":{"start":{"line":76,"column":26},"end":{"line":80,"column":5}},"line":76},"5":{"name":"(anonymous_5)","decl":{"start":{"line":85,"column":4},"end":{"line":85,"column":5}},"loc":{"start":{"line":85,"column":26},"end":{"line":88,"column":5}},"line":85},"6":{"name":"(anonymous_6)","decl":{"start":{"line":93,"column":4},"end":{"line":93,"column":5}},"loc":{"start":{"line":93,"column":33},"end":{"line":105,"column":5}},"line":93},"7":{"name":"(anonymous_7)","decl":{"start":{"line":110,"column":4},"end":{"line":110,"column":5}},"loc":{"start":{"line":110,"column":43},"end":{"line":115,"column":5}},"line":110},"8":{"name":"(anonymous_8)","decl":{"start":{"line":120,"column":4},"end":{"line":120,"column":5}},"loc":{"start":{"line":120,"column":11},"end":{"line":120,"column":89}},"line":120}},"branchMap":{"0":{"loc":{"start":{"line":51,"column":23},"end":{"line":51,"column":63}},"type":"binary-expr","locations":[{"start":{"line":51,"column":23},"end":{"line":51,"column":40}},{"start":{"line":51,"column":44},"end":{"line":51,"column":63}}],"line":51},"1":{"loc":{"start":{"line":68,"column":6},"end":{"line":68,"column":28}},"type":"if","locations":[{"start":{"line":68,"column":6},"end":{"line":68,"column":28}},{"start":{},"end":{}}],"line":68},"2":{"loc":{"start":{"line":78,"column":6},"end":{"line":78,"column":23}},"type":"if","locations":[{"start":{"line":78,"column":6},"end":{"line":78,"column":23}},{"start":{},"end":{}}],"line":78},"3":{"loc":{"start":{"line":104,"column":14},"end":{"line":104,"column":46}},"type":"cond-expr","locations":[{"start":{"line":104,"column":32},"end":{"line":104,"column":39}},{"start":{"line":104,"column":42},"end":{"line":104,"column":46}}],"line":104}},"s":{"0":15,"1":15,"2":15,"3":15,"4":14,"5":14,"6":14,"7":14,"8":15,"9":2,"10":2,"11":1,"12":1,"13":1,"14":15,"15":3,"16":3,"17":1,"18":2,"19":15,"20":4,"21":4,"22":15,"23":4,"24":4,"25":15,"26":3,"27":3,"28":15,"29":15},"f":{"0":15,"1":15,"2":14,"3":2,"4":3,"5":4,"6":4,"7":3,"8":15},"b":{"0":[14,14],"1":[1,1],"2":[1,2],"3":[2,2]},"_coverageSchema":"1a1c01bbd47fc00a2c39e90264f33305004495a9","hash":"9d76e06c9aeb63dc95b7d0ca01ac133a287d3ccb"}
}
