TN:
SF:src\core\oeeCalculator.ts
FN:28,computeOee
FN:33,(anonymous_1)
FN:33,(anonymous_2)
FN:36,(anonymous_3)
FN:37,(anonymous_4)
FN:56,(anonymous_5)
FN:93,(anonymous_6)
FN:94,(anonymous_7)
FN:97,(anonymous_8)
FN:98,(anonymous_9)
FNF:10
FNH:10
FNDA:28,computeOee
FNDA:75,(anonymous_1)
FNDA:54,(anonymous_2)
FNDA:22,(anonymous_3)
FNDA:74,(anonymous_4)
FNDA:5,(anonymous_5)
FNDA:74,(anonymous_6)
FNDA:20,(anonymous_7)
FNDA:74,(anonymous_8)
FNDA:1,(anonymous_9)
DA:33,75
DA:36,28
DA:37,74
DA:40,28
DA:41,28
DA:42,20
DA:43,8
DA:45,2
DA:49,28
DA:50,28
DA:52,28
DA:53,74
DA:54,6
DA:55,68
DA:56,5
DA:57,5
DA:58,5
DA:59,5
DA:64,28
DA:65,1
DA:68,28
DA:69,28
DA:71,28
DA:72,6
DA:75,6
DA:77,6
DA:78,6
DA:80,6
DA:81,2
DA:84,4
DA:88,28
DA:89,28
DA:92,28
DA:93,74
DA:94,20
DA:96,28
DA:97,74
DA:98,1
DA:100,28
DA:103,28
DA:107,28
DA:111,28
DA:115,28
DA:118,28
DA:120,28
LF:45
LH:45
BRDA:41,0,0,20
BRDA:41,0,1,8
BRDA:41,1,0,28
BRDA:41,1,1,22
BRDA:43,2,0,2
BRDA:43,2,1,6
BRDA:53,3,0,6
BRDA:53,3,1,68
BRDA:55,4,0,5
BRDA:55,4,1,63
BRDA:55,5,0,68
BRDA:55,5,1,5
BRDA:57,6,0,5
BRDA:57,6,1,0
BRDA:72,7,0,5
BRDA:72,7,1,1
BRDA:74,8,0,1
BRDA:74,8,1,0
BRDA:77,9,0,6
BRDA:77,9,1,0
BRDA:80,10,0,2
BRDA:80,10,1,4
BRDA:94,11,0,20
BRDA:94,11,1,0
BRDA:98,12,0,1
BRDA:98,12,1,0
BRDA:103,13,0,20
BRDA:103,13,1,8
BRDA:107,14,0,18
BRDA:107,14,1,10
BRDA:107,15,0,28
BRDA:107,15,1,19
BRDA:111,16,0,18
BRDA:111,16,1,10
BRDA:118,17,0,28
BRDA:118,17,1,24
BRF:36
BRH:31
end_of_record
TN:
SF:src\core\shiftReportGenerator.ts
FN:23,generateShiftReport
FNF:1
FNH:1
FNDA:8,generateShiftReport
DA:24,8
DA:25,8
DA:27,8
DA:34,8
LF:4
LH:4
BRDA:24,0,0,8
BRDA:24,0,1,7
BRF:2
BRH:2
end_of_record
TN:
SF:src\core\types.ts
FNF:0
FNH:0
LF:0
LH:0
BRF:0
BRH:0
end_of_record
TN:
SF:src\repositories\useOeeEventsRepository.ts
FN:92,useOeeEventsRepository
FN:95,(anonymous_1)
FN:98,(anonymous_2)
FN:106,(anonymous_3)
FN:126,(anonymous_4)
FN:140,(anonymous_5)
FN:153,(anonymous_6)
FN:161,(anonymous_7)
FN:176,(anonymous_8)
FN:201,(anonymous_9)
FN:217,(anonymous_10)
FNF:11
FNH:10
FNDA:5,useOeeEventsRepository
FNDA:5,(anonymous_1)
FNDA:5,(anonymous_2)
FNDA:7,(anonymous_3)
FNDA:0,(anonymous_4)
FNDA:1,(anonymous_5)
FNDA:1,(anonymous_6)
FNDA:1,(anonymous_7)
FNDA:2,(anonymous_8)
FNDA:1,(anonymous_9)
FNDA:5,(anonymous_10)
DA:93,5
DA:94,5
DA:95,5
DA:97,5
DA:99,5
DA:105,5
DA:107,7
DA:108,7
DA:119,7
DA:120,7
DA:125,5
DA:127,0
DA:128,0
DA:130,0
DA:134,0
DA:139,5
DA:141,1
DA:142,1
DA:144,1
DA:152,5
DA:154,1
DA:155,1
DA:160,5
DA:162,1
DA:170,1
DA:175,5
DA:178,2
DA:190,2
DA:200,2
DA:201,1
DA:205,2
DA:206,2
DA:207,1
DA:211,1
DA:216,5
DA:217,5
LF:36
LH:32
BRDA:107,0,0,7
BRDA:107,0,1,7
BRDA:114,1,0,7
BRDA:114,1,1,1
BRDA:114,1,2,0
BRDA:115,2,0,7
BRDA:115,2,1,1
BRDA:115,2,2,0
BRDA:116,3,0,7
BRDA:116,3,1,1
BRDA:116,3,2,0
BRDA:117,4,0,7
BRDA:117,4,1,7
BRDA:128,5,0,0
BRDA:128,5,1,0
BRDA:142,6,0,0
BRDA:142,6,1,1
BRDA:206,7,0,1
BRDA:206,7,1,1
BRF:19
BRH:13
end_of_record
TN:
SF:src\repositories\useOperatorsRepository.ts
FN:35,useOperatorsRepository
FN:39,(anonymous_1)
FN:47,(anonymous_2)
FN:60,(anonymous_3)
FN:70,(anonymous_4)
FN:78,(anonymous_5)
FN:88,(anonymous_6)
FN:98,(anonymous_7)
FNF:8
FNH:0
FNDA:0,useOperatorsRepository
FNDA:0,(anonymous_1)
FNDA:0,(anonymous_2)
FNDA:0,(anonymous_3)
FNDA:0,(anonymous_4)
FNDA:0,(anonymous_5)
FNDA:0,(anonymous_6)
FNDA:0,(anonymous_7)
DA:36,0
DA:38,0
DA:40,0
DA:46,0
DA:48,0
DA:53,0
DA:54,0
DA:59,0
DA:61,0
DA:62,0
DA:63,0
DA:64,0
DA:69,0
DA:71,0
DA:72,0
DA:77,0
DA:79,0
DA:82,0
DA:87,0
DA:89,0
DA:92,0
DA:97,0
DA:98,0
LF:23
LH:0
BRDA:62,0,0,0
BRDA:62,0,1,0
BRF:2
BRH:0
end_of_record
TN:
SF:src\repositories\useQualityDefectsRepository.ts
FN:32,useQualityDefectsRepository
FN:36,(anonymous_1)
FN:44,(anonymous_2)
FN:57,(anonymous_3)
FN:67,(anonymous_4)
FN:75,(anonymous_5)
FN:85,(anonymous_6)
FN:95,(anonymous_7)
FNF:8
FNH:0
FNDA:0,useQualityDefectsRepository
FNDA:0,(anonymous_1)
FNDA:0,(anonymous_2)
FNDA:0,(anonymous_3)
FNDA:0,(anonymous_4)
FNDA:0,(anonymous_5)
FNDA:0,(anonymous_6)
FNDA:0,(anonymous_7)
DA:33,0
DA:35,0
DA:37,0
DA:43,0
DA:45,0
DA:50,0
DA:51,0
DA:56,0
DA:58,0
DA:59,0
DA:60,0
DA:61,0
DA:66,0
DA:68,0
DA:69,0
DA:74,0
DA:76,0
DA:79,0
DA:84,0
DA:86,0
DA:89,0
DA:94,0
DA:95,0
LF:23
LH:0
BRDA:59,0,0,0
BRDA:59,0,1,0
BRF:2
BRH:0
end_of_record
TN:
SF:src\repositories\useQualityInspectionsRepository.ts
FN:38,useQualityInspectionsRepository
FN:42,(anonymous_1)
FN:50,(anonymous_2)
FN:66,(anonymous_3)
FN:76,(anonymous_4)
FN:85,(anonymous_5)
FN:93,(anonymous_6)
FN:103,(anonymous_7)
FN:113,(anonymous_8)
FNF:9
FNH:0
FNDA:0,useQualityInspectionsRepository
FNDA:0,(anonymous_1)
FNDA:0,(anonymous_2)
FNDA:0,(anonymous_3)
FNDA:0,(anonymous_4)
FNDA:0,(anonymous_5)
FNDA:0,(anonymous_6)
FNDA:0,(anonymous_7)
FNDA:0,(anonymous_8)
DA:39,0
DA:41,0
DA:43,0
DA:49,0
DA:51,0
DA:52,0
DA:59,0
DA:60,0
DA:65,0
DA:67,0
DA:68,0
DA:69,0
DA:70,0
DA:75,0
DA:77,0
DA:78,0
DA:79,0
DA:84,0
DA:86,0
DA:87,0
DA:92,0
DA:94,0
DA:97,0
DA:102,0
DA:104,0
DA:107,0
DA:112,0
DA:113,0
LF:28
LH:0
BRDA:51,0,0,0
BRDA:51,0,1,0
BRDA:68,1,0,0
BRDA:68,1,1,0
BRDA:78,2,0,0
BRDA:78,2,1,0
BRF:6
BRH:0
end_of_record
TN:
SF:src\repositories\useReportsRepository.ts
FN:88,getReportSyncStatus
FN:100,useReportsRepository
FN:104,(anonymous_2)
FN:112,(anonymous_3)
FN:127,(anonymous_4)
FN:141,(anonymous_5)
FN:154,(anonymous_6)
FN:161,(anonymous_7)
FN:169,(anonymous_8)
FNF:9
FNH:0
FNDA:0,getReportSyncStatus
FNDA:0,useReportsRepository
FNDA:0,(anonymous_2)
FNDA:0,(anonymous_3)
FNDA:0,(anonymous_4)
FNDA:0,(anonymous_5)
FNDA:0,(anonymous_6)
FNDA:0,(anonymous_7)
FNDA:0,(anonymous_8)
DA:93,0
DA:94,0
DA:95,0
DA:96,0
DA:97,0
DA:101,0
DA:103,0
DA:105,0
DA:111,0
DA:113,0
DA:120,0
DA:121,0
DA:126,0
DA:128,0
DA:129,0
DA:131,0
DA:135,0
DA:140,0
DA:142,0
DA:143,0
DA:145,0
DA:153,0
DA:155,0
DA:156,0
DA:161,0
DA:162,0
DA:165,0
DA:168,0
DA:169,0
LF:29
LH:0
BRDA:93,0,0,0
BRDA:93,0,1,0
BRDA:94,1,0,0
BRDA:94,1,1,0
BRDA:95,2,0,0
BRDA:95,2,1,0
BRDA:96,3,0,0
BRDA:96,3,1,0
BRDA:112,4,0,0
BRDA:129,5,0,0
BRDA:129,5,1,0
BRDA:143,6,0,0
BRDA:143,6,1,0
BRF:13
BRH:0
end_of_record
TN:
SF:src\repositories\useShiftSessionsRepository.ts
FN:38,useShiftSessionsRepository
FN:42,(anonymous_1)
FN:50,(anonymous_2)
FN:66,(anonymous_3)
FN:76,(anonymous_4)
FN:85,(anonymous_5)
FN:93,(anonymous_6)
FN:110,(anonymous_7)
FN:120,(anonymous_8)
FNF:9
FNH:9
FNDA:15,useShiftSessionsRepository
FNDA:15,(anonymous_1)
FNDA:14,(anonymous_2)
FNDA:2,(anonymous_3)
FNDA:3,(anonymous_4)
FNDA:4,(anonymous_5)
FNDA:4,(anonymous_6)
FNDA:3,(anonymous_7)
FNDA:15,(anonymous_8)
DA:39,15
DA:41,15
DA:43,15
DA:49,15
DA:51,14
DA:52,14
DA:59,14
DA:60,14
DA:65,15
DA:67,2
DA:68,2
DA:69,1
DA:70,1
DA:75,15
DA:77,3
DA:78,3
DA:79,2
DA:84,15
DA:86,4
DA:87,4
DA:92,15
DA:94,4
DA:104,4
DA:109,15
DA:111,3
DA:114,3
DA:119,15
DA:120,15
LF:28
LH:28
BRDA:51,0,0,14
BRDA:51,0,1,14
BRDA:68,1,0,1
BRDA:68,1,1,1
BRDA:78,2,0,1
BRDA:78,2,1,2
BRDA:104,3,0,2
BRDA:104,3,1,2
BRF:8
BRH:8
end_of_record
